!SESSION 2022-05-02 21:26:13.503 -----------------------------------------------
eclipse.buildId=unknown
java.version=11.0.15
java.vendor=Private Build
BootLoader constants: OS=linux, ARCH=x86_64, WS=gtk, NL=pt_BR
Command-line arguments:  -os linux -ws gtk -arch x86_64

!ENTRY org.eclipse.equinox.common 4 0 2022-05-02 21:26:14.557
!MESSAGE 
!STACK 0
org.osgi.framework.BundleException: The bundle could not be resolved. Reason: Missing Constraint: Bundle-RequiredExecutionEnvironment: CDC-1.0/Foundation-1.0,J2SE-1.3
	at org.eclipse.osgi.framework.internal.core.BundleHost.startWorker(BundleHost.java:305)
	at org.eclipse.osgi.framework.internal.core.AbstractBundle.resume(AbstractBundle.java:355)
	at org.eclipse.osgi.framework.internal.core.Framework.resumeBundle(Framework.java:1074)
	at org.eclipse.osgi.framework.internal.core.StartLevelManager.resumeBundles(StartLevelManager.java:616)
	at org.eclipse.osgi.framework.internal.core.StartLevelManager.incFWSL(StartLevelManager.java:508)
	at org.eclipse.osgi.framework.internal.core.StartLevelManager.doSetStartLevel(StartLevelManager.java:299)
	at org.eclipse.osgi.framework.internal.core.StartLevelManager.dispatchEvent(StartLevelManager.java:489)
	at org.eclipse.osgi.framework.eventmgr.EventManager.dispatchEvent(EventManager.java:211)
	at org.eclipse.osgi.framework.eventmgr.EventManager$EventThread.run(EventManager.java:321)

!ENTRY org.eclipse.update.configurator 4 0 2022-05-02 21:26:14.561
!MESSAGE 
!STACK 0
org.osgi.framework.BundleException: The bundle could not be resolved. Reason: Missing Constraint: Bundle-RequiredExecutionEnvironment: J2SE-1.4,CDC-1.0/Foundation-1.0,J2SE-1.3
	at org.eclipse.osgi.framework.internal.core.BundleHost.startWorker(BundleHost.java:305)
	at org.eclipse.osgi.framework.internal.core.AbstractBundle.resume(AbstractBundle.java:355)
	at org.eclipse.osgi.framework.internal.core.Framework.resumeBundle(Framework.java:1074)
	at org.eclipse.osgi.framework.internal.core.StartLevelManager.resumeBundles(StartLevelManager.java:616)
	at org.eclipse.osgi.framework.internal.core.StartLevelManager.incFWSL(StartLevelManager.java:508)
	at org.eclipse.osgi.framework.internal.core.StartLevelManager.doSetStartLevel(StartLevelManager.java:299)
	at org.eclipse.osgi.framework.internal.core.StartLevelManager.dispatchEvent(StartLevelManager.java:489)
	at org.eclipse.osgi.framework.eventmgr.EventManager.dispatchEvent(EventManager.java:211)
	at org.eclipse.osgi.framework.eventmgr.EventManager$EventThread.run(EventManager.java:321)

!ENTRY org.eclipse.core.runtime 4 0 2022-05-02 21:26:14.563
!MESSAGE 
!STACK 0
org.osgi.framework.BundleException: The bundle could not be resolved. Reason: Missing Constraint: Bundle-RequiredExecutionEnvironment: CDC-1.0/Foundation-1.0,J2SE-1.3
	at org.eclipse.osgi.framework.internal.core.BundleHost.startWorker(BundleHost.java:305)
	at org.eclipse.osgi.framework.internal.core.AbstractBundle.resume(AbstractBundle.java:355)
	at org.eclipse.osgi.framework.internal.core.Framework.resumeBundle(Framework.java:1074)
	at org.eclipse.osgi.framework.internal.core.StartLevelManager.resumeBundles(StartLevelManager.java:616)
	at org.eclipse.osgi.framework.internal.core.StartLevelManager.incFWSL(StartLevelManager.java:508)
	at org.eclipse.osgi.framework.internal.core.StartLevelManager.doSetStartLevel(StartLevelManager.java:299)
	at org.eclipse.osgi.framework.internal.core.StartLevelManager.dispatchEvent(StartLevelManager.java:489)
	at org.eclipse.osgi.framework.eventmgr.EventManager.dispatchEvent(EventManager.java:211)
	at org.eclipse.osgi.framework.eventmgr.EventManager$EventThread.run(EventManager.java:321)

!ENTRY org.eclipse.osgi 4 0 2022-05-02 21:26:14.573
!MESSAGE Bundle initial@reference:file:plugins/org.eclipse.equinox.common_3.4.0.v20080421-2006.jar/ was not resolved.

!ENTRY org.eclipse.osgi 4 0 2022-05-02 21:26:14.574
!MESSAGE Bundle initial@reference:file:plugins/org.eclipse.update.configurator_3.2.201.R34x_v20080819.jar/ was not resolved.

!ENTRY org.eclipse.osgi 4 0 2022-05-02 21:26:14.574
!MESSAGE Bundle initial@reference:file:plugins/org.eclipse.core.runtime_3.4.0.v20080512.jar/ was not resolved.

!ENTRY org.eclipse.osgi 4 0 2022-05-02 21:26:14.580
!MESSAGE Application error
!STACK 1
java.lang.IllegalStateException: Unable to acquire application service. Ensure that the org.eclipse.core.runtime bundle is resolved and started (see config.ini).
	at org.eclipse.core.runtime.internal.adaptor.EclipseAppLauncher.start(EclipseAppLauncher.java:74)
	at org.eclipse.core.runtime.adaptor.EclipseStarter.run(EclipseStarter.java:386)
	at org.eclipse.core.runtime.adaptor.EclipseStarter.run(EclipseStarter.java:179)
	at java.base/jdk.internal.reflect.NativeMethodAccessorImpl.invoke0(Native Method)
	at java.base/jdk.internal.reflect.NativeMethodAccessorImpl.invoke(NativeMethodAccessorImpl.java:62)
	at java.base/jdk.internal.reflect.DelegatingMethodAccessorImpl.invoke(DelegatingMethodAccessorImpl.java:43)
	at java.base/java.lang.reflect.Method.invoke(Method.java:566)
	at org.eclipse.equinox.launcher.Main.invokeFramework(Main.java:549)
	at org.eclipse.equinox.launcher.Main.basicRun(Main.java:504)
	at org.eclipse.equinox.launcher.Main.run(Main.java:1236)
	at org.eclipse.equinox.launcher.Main.main(Main.java:1212)

!ENTRY org.eclipse.osgi 2 0 2022-05-02 21:26:14.592
!MESSAGE One or more bundles are not resolved because the following root constraints are not resolved:
!SUBENTRY 1 org.eclipse.osgi 2 0 2022-05-02 21:26:14.592
!MESSAGE Bundle initial@reference:file:plugins/org.eclipse.update.configurator_3.2.201.R34x_v20080819.jar/ was not resolved.
!SUBENTRY 2 org.eclipse.update.configurator 2 0 2022-05-02 21:26:14.592
!MESSAGE Missing imported package org.xml.sax_0.0.0.
!SUBENTRY 2 org.eclipse.update.configurator 2 0 2022-05-02 21:26:14.592
!MESSAGE Missing imported package org.xml.sax.helpers_0.0.0.
!SUBENTRY 2 org.eclipse.update.configurator 2 0 2022-05-02 21:26:14.592
!MESSAGE Missing imported package org.w3c.dom_0.0.0.
!SUBENTRY 2 org.eclipse.update.configurator 2 0 2022-05-02 21:26:14.592
!MESSAGE Missing imported package javax.xml.parsers_0.0.0.
!SUBENTRY 1 org.eclipse.osgi 2 0 2022-05-02 21:26:14.593
!MESSAGE Bundle initial@reference:file:plugins/org.eclipse.core.runtime_3.4.0.v20080512.jar/ was not resolved.
!SUBENTRY 2 org.eclipse.core.runtime 2 0 2022-05-02 21:26:14.593
!MESSAGE Missing required bundle org.eclipse.core.jobs_[3.2.0,4.0.0).
!SUBENTRY 2 org.eclipse.core.runtime 2 0 2022-05-02 21:26:14.593
!MESSAGE Missing required bundle org.eclipse.equinox.registry_[3.4.0,4.0.0).
!SUBENTRY 2 org.eclipse.core.runtime 2 0 2022-05-02 21:26:14.593
!MESSAGE Missing required bundle org.eclipse.equinox.app_[1.0.0,2.0.0).
!SUBENTRY 2 org.eclipse.core.runtime 2 0 2022-05-02 21:26:14.593
!MESSAGE Missing required bundle org.eclipse.equinox.preferences_[3.2.0,4.0.0).
!SUBENTRY 2 org.eclipse.core.runtime 2 0 2022-05-02 21:26:14.593
!MESSAGE Missing required bundle org.eclipse.core.contenttype_[3.3.0,4.0.0).

!ENTRY org.eclipse.osgi 2 0 2022-05-02 21:26:14.596
!MESSAGE The following is a complete list of bundles which are not resolved, see the prior log entry for the root cause if it exists:
!SUBENTRY 1 org.eclipse.osgi 2 0 2022-05-02 21:26:14.596
!MESSAGE Bundle initial@reference:file:plugins/org.eclipse.equinox.common_3.4.0.v20080421-2006.jar/ [1] was not resolved.
!SUBENTRY 2 org.eclipse.equinox.common 2 0 2022-05-02 21:26:14.596
!MESSAGE Missing Constraint: Bundle-RequiredExecutionEnvironment: CDC-1.0/Foundation-1.0,J2SE-1.3
!SUBENTRY 1 org.eclipse.osgi 2 0 2022-05-02 21:26:14.596
!MESSAGE Bundle initial@reference:file:plugins/org.eclipse.update.configurator_3.2.201.R34x_v20080819.jar/ [2] was not resolved.
!SUBENTRY 2 org.eclipse.update.configurator 2 0 2022-05-02 21:26:14.596
!MESSAGE Missing required bundle org.eclipse.equinox.common_[3.2.0,4.0.0).
!SUBENTRY 2 org.eclipse.update.configurator 2 0 2022-05-02 21:26:14.596
!MESSAGE Missing imported package javax.xml.parsers_0.0.0.
!SUBENTRY 2 org.eclipse.update.configurator 2 0 2022-05-02 21:26:14.597
!MESSAGE Missing imported package org.w3c.dom_0.0.0.
!SUBENTRY 2 org.eclipse.update.configurator 2 0 2022-05-02 21:26:14.597
!MESSAGE Missing imported package org.xml.sax_0.0.0.
!SUBENTRY 2 org.eclipse.update.configurator 2 0 2022-05-02 21:26:14.597
!MESSAGE Missing imported package org.xml.sax.helpers_0.0.0.
!SUBENTRY 1 org.eclipse.osgi 2 0 2022-05-02 21:26:14.597
!MESSAGE Bundle initial@reference:file:plugins/org.eclipse.core.runtime_3.4.0.v20080512.jar/ [3] was not resolved.
!SUBENTRY 2 org.eclipse.core.runtime 2 0 2022-05-02 21:26:14.597
!MESSAGE Missing required bundle org.eclipse.equinox.common_[3.2.0,4.0.0).
!SUBENTRY 2 org.eclipse.core.runtime 2 0 2022-05-02 21:26:14.597
!MESSAGE Missing required bundle org.eclipse.core.jobs_[3.2.0,4.0.0).
!SUBENTRY 2 org.eclipse.core.runtime 2 0 2022-05-02 21:26:14.597
!MESSAGE Missing required bundle org.eclipse.equinox.registry_[3.4.0,4.0.0).
!SUBENTRY 2 org.eclipse.core.runtime 2 0 2022-05-02 21:26:14.597
!MESSAGE Missing required bundle org.eclipse.equinox.preferences_[3.2.0,4.0.0).
!SUBENTRY 2 org.eclipse.core.runtime 2 0 2022-05-02 21:26:14.597
!MESSAGE Missing required bundle org.eclipse.core.contenttype_[3.3.0,4.0.0).
!SUBENTRY 2 org.eclipse.core.runtime 2 0 2022-05-02 21:26:14.598
!MESSAGE Missing optionally required bundle org.eclipse.core.runtime.compatibility.auth_[3.2.0,4.0.0).
!SUBENTRY 2 org.eclipse.core.runtime 2 0 2022-05-02 21:26:14.598
!MESSAGE Missing required bundle org.eclipse.equinox.app_[1.0.0,2.0.0).
!SUBENTRY 2 org.eclipse.core.runtime 2 0 2022-05-02 21:26:14.598
!MESSAGE Missing imported package org.eclipse.core.internal.runtime.auth_0.0.0.
